Apache Maven 3.0.3 (r1075438; 2011-02-28 17:31:09+0000)
Maven home: /usr/share/maven
Java version: 1.7.0_06-ea, vendor: Oracle Corporation
Java home: /Library/Java/JavaVirtualMachines/1.7.0.jdk/Contents/Home/jre
Default locale: en_US, platform encoding: UTF-8
OS name: "mac os x", version: "10.7.4", arch: "x86_64", family: "mac"
[INFO] Error stacktraces are turned on.
[DEBUG] Reading global settings from /usr/share/maven/conf/settings.xml
[DEBUG] Reading user settings from /Users/ahellesoy/.m2/settings.xml
[DEBUG] Using local repository at /Users/ahellesoy/.m2/repository
[DEBUG] Using manager EnhancedLocalRepositoryManager with priority 10 for /Users/ahellesoy/.m2/repository
[INFO] Scanning for projects...
[DEBUG] Extension realms for project com.aslakhellesoy:maven-utf8-jdk7-woes:jar:1.0.0: (none)
[DEBUG] Looking up lifecyle mappings for packaging jar from ClassRealm[plexus.core, parent: null]
[DEBUG] === REACTOR BUILD PLAN ================================================
[DEBUG] Project: com.aslakhellesoy:maven-utf8-jdk7-woes:jar:1.0.0
[DEBUG] Tasks:   [clean, compile]
[DEBUG] Style:   Regular
[DEBUG] =======================================================================
[INFO]                                                                         
[INFO] ------------------------------------------------------------------------
[INFO] Building maven-utf8-jdk7-woes 1.0.0
[INFO] ------------------------------------------------------------------------
[DEBUG] Lifecycle default -> [validate, initialize, generate-sources, process-sources, generate-resources, process-resources, compile, process-classes, generate-test-sources, process-test-sources, generate-test-resources, process-test-resources, test-compile, process-test-classes, test, prepare-package, package, pre-integration-test, integration-test, post-integration-test, verify, install, deploy]
[DEBUG] Lifecycle clean -> [pre-clean, clean, post-clean]
[DEBUG] Lifecycle site -> [pre-site, site, post-site, site-deploy]
[DEBUG] Lifecycle default -> [validate, initialize, generate-sources, process-sources, generate-resources, process-resources, compile, process-classes, generate-test-sources, process-test-sources, generate-test-resources, process-test-resources, test-compile, process-test-classes, test, prepare-package, package, pre-integration-test, integration-test, post-integration-test, verify, install, deploy]
[DEBUG] Lifecycle clean -> [pre-clean, clean, post-clean]
[DEBUG] Lifecycle site -> [pre-site, site, post-site, site-deploy]
[DEBUG] Lifecycle default -> [validate, initialize, generate-sources, process-sources, generate-resources, process-resources, compile, process-classes, generate-test-sources, process-test-sources, generate-test-resources, process-test-resources, test-compile, process-test-classes, test, prepare-package, package, pre-integration-test, integration-test, post-integration-test, verify, install, deploy]
[DEBUG] Lifecycle clean -> [pre-clean, clean, post-clean]
[DEBUG] Lifecycle site -> [pre-site, site, post-site, site-deploy]
[DEBUG] Lifecycle default -> [validate, initialize, generate-sources, process-sources, generate-resources, process-resources, compile, process-classes, generate-test-sources, process-test-sources, generate-test-resources, process-test-resources, test-compile, process-test-classes, test, prepare-package, package, pre-integration-test, integration-test, post-integration-test, verify, install, deploy]
[DEBUG] Lifecycle clean -> [pre-clean, clean, post-clean]
[DEBUG] Lifecycle site -> [pre-site, site, post-site, site-deploy]
[DEBUG] Lifecycle default -> [validate, initialize, generate-sources, process-sources, generate-resources, process-resources, compile, process-classes, generate-test-sources, process-test-sources, generate-test-resources, process-test-resources, test-compile, process-test-classes, test, prepare-package, package, pre-integration-test, integration-test, post-integration-test, verify, install, deploy]
[DEBUG] Lifecycle clean -> [pre-clean, clean, post-clean]
[DEBUG] Lifecycle site -> [pre-site, site, post-site, site-deploy]
[DEBUG] === PROJECT BUILD PLAN ================================================
[DEBUG] Project:       com.aslakhellesoy:maven-utf8-jdk7-woes:1.0.0
[DEBUG] Dependencies (collect): []
[DEBUG] Dependencies (resolve): [compile]
[DEBUG] Repositories (dependencies): [central (http://repo1.maven.org/maven2, releases)]
[DEBUG] Repositories (plugins)     : [central (http://repo1.maven.org/maven2, releases)]
[DEBUG] -----------------------------------------------------------------------
[DEBUG] Goal:          org.apache.maven.plugins:maven-clean-plugin:2.4.1:clean (default-clean)
[DEBUG] Style:         Regular
[DEBUG] Configuration: <?xml version="1.0" encoding="UTF-8"?>
<configuration>
  <directory default-value="${project.build.directory}"/>
  <excludeDefaultDirectories default-value="false">${clean.excludeDefaultDirectories}</excludeDefaultDirectories>
  <failOnError default-value="true">${maven.clean.failOnError}</failOnError>
  <followSymLinks default-value="false">${clean.followSymLinks}</followSymLinks>
  <outputDirectory default-value="${project.build.outputDirectory}"/>
  <reportDirectory default-value="${project.reporting.outputDirectory}"/>
  <skip default-value="false">${clean.skip}</skip>
  <testOutputDirectory default-value="${project.build.testOutputDirectory}"/>
  <verbose>${clean.verbose}</verbose>
</configuration>
[DEBUG] -----------------------------------------------------------------------
[DEBUG] Goal:          org.apache.maven.plugins:maven-resources-plugin:2.4.3:resources (default-resources)
[DEBUG] Style:         Regular
[DEBUG] Configuration: <?xml version="1.0" encoding="UTF-8"?>
<configuration>
  <buildFilters default-value="${project.build.filters}"/>
  <encoding default-value="${project.build.sourceEncoding}">${encoding}</encoding>
  <escapeString default-value="${maven.resources.escapeString}"/>
  <escapeWindowsPaths default-value="true">${maven.resources.escapeWindowsPaths}</escapeWindowsPaths>
  <includeEmptyDirs default-value="false">${maven.resources.includeEmptyDirs}</includeEmptyDirs>
  <outputDirectory default-value="${project.build.outputDirectory}"/>
  <overwrite default-value="false">${maven.resources.overwrite}</overwrite>
  <project default-value="${project}"/>
  <resources default-value="${project.resources}"/>
  <session default-value="${session}"/>
  <useBuildFilters default-value="true"/>
  <useDefaultDelimiters default-value="true"/>
</configuration>
[DEBUG] -----------------------------------------------------------------------
[DEBUG] Goal:          org.apache.maven.plugins:maven-compiler-plugin:2.5.1:compile (default-compile)
[DEBUG] Style:         Regular
[DEBUG] Configuration: <?xml version="1.0" encoding="UTF-8"?>
<configuration>
  <basedir default-value="${basedir}"/>
  <buildDirectory default-value="${project.build.directory}"/>
  <classpathElements default-value="${project.compileClasspathElements}"/>
  <compileSourceRoots default-value="${project.compileSourceRoots}"/>
  <compilerId default-value="javac">${maven.compiler.compilerId}</compilerId>
  <compilerReuseStrategy default-value="${reuseCreated}">${maven.compiler.compilerReuseStrategy}</compilerReuseStrategy>
  <compilerVersion>${maven.compiler.compilerVersion}</compilerVersion>
  <debug default-value="true">${maven.compiler.debug}</debug>
  <debuglevel>${maven.compiler.debuglevel}</debuglevel>
  <encoding default-value="${project.build.sourceEncoding}">UTF-8</encoding>
  <executable>${maven.compiler.executable}</executable>
  <failOnError default-value="true">${maven.compiler.failOnError}</failOnError>
  <fork default-value="false">${maven.compiler.fork}</fork>
  <generatedSourcesDirectory default-value="${project.build.directory}/generated-sources/annotations"/>
  <maxmem>${maven.compiler.maxmem}</maxmem>
  <meminitial>${maven.compiler.meminitial}</meminitial>
  <optimize default-value="false">${maven.compiler.optimize}</optimize>
  <outputDirectory default-value="${project.build.outputDirectory}"/>
  <outputFileName>${project.build.finalName}</outputFileName>
  <projectArtifact default-value="${project.artifact}"/>
  <session default-value="${session}"/>
  <showDeprecation default-value="false">${maven.compiler.showDeprecation}</showDeprecation>
  <showWarnings default-value="false">${maven.compiler.showWarnings}</showWarnings>
  <skipMultiThreadWarning default-value="${false}">${maven.compiler.skipMultiThreadWarning}</skipMultiThreadWarning>
  <source default-value="1.5">1.6</source>
  <staleMillis default-value="0">${lastModGranularityMs}</staleMillis>
  <target default-value="1.5">1.6</target>
  <verbose default-value="false">${maven.compiler.verbose}</verbose>
</configuration>
[DEBUG] =======================================================================
[DEBUG] com.aslakhellesoy:maven-utf8-jdk7-woes:jar:1.0.0
[INFO] 
[INFO] --- maven-clean-plugin:2.4.1:clean (default-clean) @ maven-utf8-jdk7-woes ---
[DEBUG] Created new class realm maven.api
[DEBUG] Importing foreign packages into class realm maven.api
[DEBUG]   Imported: org.apache.maven.wagon.events < plexus.core
[DEBUG]   Imported: org.sonatype.aether.transfer < plexus.core
[DEBUG]   Imported: org.apache.maven.exception < plexus.core
[DEBUG]   Imported: org.sonatype.aether.metadata < plexus.core
[DEBUG]   Imported: org.codehaus.plexus.util.xml.Xpp3Dom < plexus.core
[DEBUG]   Imported: org.sonatype.aether.collection < plexus.core
[DEBUG]   Imported: org.sonatype.aether.version < plexus.core
[DEBUG]   Imported: org.apache.maven.monitor < plexus.core
[DEBUG]   Imported: org.apache.maven.wagon.repository < plexus.core
[DEBUG]   Imported: org.apache.maven.repository < plexus.core
[DEBUG]   Imported: org.apache.maven.wagon.resource < plexus.core
[DEBUG]   Imported: org.codehaus.plexus.logging < plexus.core
[DEBUG]   Imported: org.apache.maven.profiles < plexus.core
[DEBUG]   Imported: org.sonatype.aether.repository < plexus.core
[DEBUG]   Imported: org.apache.maven.classrealm < plexus.core
[DEBUG]   Imported: org.apache.maven.execution < plexus.core
[DEBUG]   Imported: org.sonatype.aether.artifact < plexus.core
[DEBUG]   Imported: org.sonatype.aether.spi < plexus.core
[DEBUG]   Imported: org.apache.maven.reporting < plexus.core
[DEBUG]   Imported: org.apache.maven.usability < plexus.core
[DEBUG]   Imported: org.codehaus.plexus.container < plexus.core
[DEBUG]   Imported: org.codehaus.plexus.component < plexus.core
[DEBUG]   Imported: org.codehaus.plexus.util.xml.pull.XmlSerializer < plexus.core
[DEBUG]   Imported: org.apache.maven.wagon.authentication < plexus.core
[DEBUG]   Imported: org.apache.maven.lifecycle < plexus.core
[DEBUG]   Imported: org.codehaus.plexus.classworlds < plexus.core
[DEBUG]   Imported: org.sonatype.aether.graph < plexus.core
[DEBUG]   Imported: org.sonatype.aether.* < plexus.core
[DEBUG]   Imported: org.apache.maven.settings < plexus.core
[DEBUG]   Imported: org.codehaus.classworlds < plexus.core
[DEBUG]   Imported: org.sonatype.aether.impl < plexus.core
[DEBUG]   Imported: org.apache.maven.wagon.* < plexus.core
[DEBUG]   Imported: org.apache.maven.toolchain < plexus.core
[DEBUG]   Imported: org.sonatype.aether.deployment < plexus.core
[DEBUG]   Imported: org.apache.maven.wagon.observers < plexus.core
[DEBUG]   Imported: org.codehaus.plexus.util.xml.pull.XmlPullParserException < plexus.core
[DEBUG]   Imported: org.codehaus.plexus.util.xml.pull.XmlPullParser < plexus.core
[DEBUG]   Imported: org.apache.maven.configuration < plexus.core
[DEBUG]   Imported: org.apache.maven.cli < plexus.core
[DEBUG]   Imported: org.sonatype.aether.installation < plexus.core
[DEBUG]   Imported: org.codehaus.plexus.context < plexus.core
[DEBUG]   Imported: org.apache.maven.wagon.authorization < plexus.core
[DEBUG]   Imported: org.apache.maven.project < plexus.core
[DEBUG]   Imported: org.apache.maven.rtinfo < plexus.core
[DEBUG]   Imported: org.codehaus.plexus.lifecycle < plexus.core
[DEBUG]   Imported: org.codehaus.plexus.configuration < plexus.core
[DEBUG]   Imported: org.apache.maven.artifact < plexus.core
[DEBUG]   Imported: org.apache.maven.model < plexus.core
[DEBUG]   Imported: org.apache.maven.* < plexus.core
[DEBUG]   Imported: org.apache.maven.wagon.proxy < plexus.core
[DEBUG]   Imported: org.sonatype.aether.resolution < plexus.core
[DEBUG]   Imported: org.apache.maven.plugin < plexus.core
[DEBUG]   Imported: org.codehaus.plexus.* < plexus.core
[DEBUG]   Imported: org.codehaus.plexus.personality < plexus.core
[DEBUG] Populating class realm maven.api
[DEBUG] org.apache.maven.plugins:maven-clean-plugin:jar:2.4.1:
[DEBUG]    org.apache.maven:maven-plugin-api:jar:2.0.6:compile
[DEBUG]    org.codehaus.plexus:plexus-utils:jar:2.0.5:compile
[DEBUG] Created new class realm plugin>org.apache.maven.plugins:maven-clean-plugin:2.4.1
[DEBUG] Importing foreign packages into class realm plugin>org.apache.maven.plugins:maven-clean-plugin:2.4.1
[DEBUG]   Imported:  < maven.api
[DEBUG] Populating class realm plugin>org.apache.maven.plugins:maven-clean-plugin:2.4.1
[DEBUG]   Included: org.apache.maven.plugins:maven-clean-plugin:jar:2.4.1
[DEBUG]   Included: org.codehaus.plexus:plexus-utils:jar:2.0.5
[DEBUG]   Excluded: org.apache.maven:maven-plugin-api:jar:2.0.6
[DEBUG] Configuring mojo org.apache.maven.plugins:maven-clean-plugin:2.4.1:clean from plugin realm ClassRealm[plugin>org.apache.maven.plugins:maven-clean-plugin:2.4.1, parent: sun.misc.Launcher$AppClassLoader@42b7141a]
[DEBUG] Configuring mojo 'org.apache.maven.plugins:maven-clean-plugin:2.4.1:clean' with basic configurator -->
[DEBUG]   (f) directory = /Users/ahellesoy/github/maven-utf8-jdk7-woes/target
[DEBUG]   (f) excludeDefaultDirectories = false
[DEBUG]   (f) failOnError = true
[DEBUG]   (f) followSymLinks = false
[DEBUG]   (f) outputDirectory = /Users/ahellesoy/github/maven-utf8-jdk7-woes/target/classes
[DEBUG]   (f) reportDirectory = /Users/ahellesoy/github/maven-utf8-jdk7-woes/target/site
[DEBUG]   (f) skip = false
[DEBUG]   (f) testOutputDirectory = /Users/ahellesoy/github/maven-utf8-jdk7-woes/target/test-classes
[DEBUG] -- end configuration --
[INFO] Deleting /Users/ahellesoy/github/maven-utf8-jdk7-woes/target
[INFO] Deleting directory /Users/ahellesoy/github/maven-utf8-jdk7-woes/target/generated-sources/annotations
[INFO] Deleting directory /Users/ahellesoy/github/maven-utf8-jdk7-woes/target/generated-sources
[INFO] Deleting directory /Users/ahellesoy/github/maven-utf8-jdk7-woes/target/classes
[INFO] Deleting directory /Users/ahellesoy/github/maven-utf8-jdk7-woes/target
[DEBUG] Skipping non-existing directory /Users/ahellesoy/github/maven-utf8-jdk7-woes/target/classes
[DEBUG] Skipping non-existing directory /Users/ahellesoy/github/maven-utf8-jdk7-woes/target/test-classes
[DEBUG] Skipping non-existing directory /Users/ahellesoy/github/maven-utf8-jdk7-woes/target/site
[INFO] 
[INFO] --- maven-resources-plugin:2.4.3:resources (default-resources) @ maven-utf8-jdk7-woes ---
[DEBUG] org.apache.maven.plugins:maven-resources-plugin:jar:2.4.3:
[DEBUG]    org.apache.maven:maven-plugin-api:jar:2.0.6:compile
[DEBUG]    org.apache.maven:maven-project:jar:2.0.6:compile
[DEBUG]       org.apache.maven:maven-profile:jar:2.0.6:compile
[DEBUG]       org.apache.maven:maven-artifact-manager:jar:2.0.6:compile
[DEBUG]       org.apache.maven:maven-plugin-registry:jar:2.0.6:compile
[DEBUG]    org.apache.maven:maven-core:jar:2.0.6:compile
[DEBUG]       org.apache.maven:maven-plugin-parameter-documenter:jar:2.0.6:compile
[DEBUG]       org.apache.maven.reporting:maven-reporting-api:jar:2.0.6:compile
[DEBUG]          org.apache.maven.doxia:doxia-sink-api:jar:1.0-alpha-7:compile
[DEBUG]       org.apache.maven:maven-repository-metadata:jar:2.0.6:compile
[DEBUG]       org.apache.maven:maven-error-diagnostics:jar:2.0.6:compile
[DEBUG]       commons-cli:commons-cli:jar:1.0:compile
[DEBUG]       org.apache.maven:maven-plugin-descriptor:jar:2.0.6:compile
[DEBUG]       org.codehaus.plexus:plexus-interactivity-api:jar:1.0-alpha-4:compile
[DEBUG]       classworlds:classworlds:jar:1.1:compile
[DEBUG]    org.apache.maven:maven-artifact:jar:2.0.6:compile
[DEBUG]    org.apache.maven:maven-settings:jar:2.0.6:compile
[DEBUG]    org.apache.maven:maven-model:jar:2.0.6:compile
[DEBUG]    org.apache.maven:maven-monitor:jar:2.0.6:compile
[DEBUG]    org.codehaus.plexus:plexus-container-default:jar:1.0-alpha-9-stable-1:compile
[DEBUG]       junit:junit:jar:3.8.1:compile
[DEBUG]    org.codehaus.plexus:plexus-utils:jar:2.0.5:compile
[DEBUG]    org.apache.maven.shared:maven-filtering:jar:1.0-beta-4:compile
[DEBUG]       org.sonatype.plexus:plexus-build-api:jar:0.0.4:compile
[DEBUG]    org.codehaus.plexus:plexus-interpolation:jar:1.13:compile
[DEBUG] Created new class realm plugin>org.apache.maven.plugins:maven-resources-plugin:2.4.3
[DEBUG] Importing foreign packages into class realm plugin>org.apache.maven.plugins:maven-resources-plugin:2.4.3
[DEBUG]   Imported:  < maven.api
[DEBUG] Populating class realm plugin>org.apache.maven.plugins:maven-resources-plugin:2.4.3
[DEBUG]   Included: org.apache.maven.plugins:maven-resources-plugin:jar:2.4.3
[DEBUG]   Included: org.apache.maven.reporting:maven-reporting-api:jar:2.0.6
[DEBUG]   Included: org.apache.maven.doxia:doxia-sink-api:jar:1.0-alpha-7
[DEBUG]   Included: commons-cli:commons-cli:jar:1.0
[DEBUG]   Included: org.codehaus.plexus:plexus-interactivity-api:jar:1.0-alpha-4
[DEBUG]   Included: junit:junit:jar:3.8.1
[DEBUG]   Included: org.codehaus.plexus:plexus-utils:jar:2.0.5
[DEBUG]   Included: org.apache.maven.shared:maven-filtering:jar:1.0-beta-4
[DEBUG]   Included: org.sonatype.plexus:plexus-build-api:jar:0.0.4
[DEBUG]   Included: org.codehaus.plexus:plexus-interpolation:jar:1.13
[DEBUG]   Excluded: org.apache.maven:maven-plugin-api:jar:2.0.6
[DEBUG]   Excluded: org.apache.maven:maven-project:jar:2.0.6
[DEBUG]   Excluded: org.apache.maven:maven-profile:jar:2.0.6
[DEBUG]   Excluded: org.apache.maven:maven-artifact-manager:jar:2.0.6
[DEBUG]   Excluded: org.apache.maven:maven-plugin-registry:jar:2.0.6
[DEBUG]   Excluded: org.apache.maven:maven-core:jar:2.0.6
[DEBUG]   Excluded: org.apache.maven:maven-plugin-parameter-documenter:jar:2.0.6
[DEBUG]   Excluded: org.apache.maven:maven-repository-metadata:jar:2.0.6
[DEBUG]   Excluded: org.apache.maven:maven-error-diagnostics:jar:2.0.6
[DEBUG]   Excluded: org.apache.maven:maven-plugin-descriptor:jar:2.0.6
[DEBUG]   Excluded: classworlds:classworlds:jar:1.1
[DEBUG]   Excluded: org.apache.maven:maven-artifact:jar:2.0.6
[DEBUG]   Excluded: org.apache.maven:maven-settings:jar:2.0.6
[DEBUG]   Excluded: org.apache.maven:maven-model:jar:2.0.6
[DEBUG]   Excluded: org.apache.maven:maven-monitor:jar:2.0.6
[DEBUG]   Excluded: org.codehaus.plexus:plexus-container-default:jar:1.0-alpha-9-stable-1
[DEBUG] Configuring mojo org.apache.maven.plugins:maven-resources-plugin:2.4.3:resources from plugin realm ClassRealm[plugin>org.apache.maven.plugins:maven-resources-plugin:2.4.3, parent: sun.misc.Launcher$AppClassLoader@42b7141a]
[DEBUG] Configuring mojo 'org.apache.maven.plugins:maven-resources-plugin:2.4.3:resources' with basic configurator -->
[DEBUG]   (f) buildFilters = []
[DEBUG]   (f) encoding = UTF-8
[DEBUG]   (f) escapeWindowsPaths = true
[DEBUG]   (s) includeEmptyDirs = false
[DEBUG]   (s) outputDirectory = /Users/ahellesoy/github/maven-utf8-jdk7-woes/target/classes
[DEBUG]   (s) overwrite = false
[DEBUG]   (f) project = MavenProject: com.aslakhellesoy:maven-utf8-jdk7-woes:1.0.0 @ /Users/ahellesoy/github/maven-utf8-jdk7-woes/pom.xml
[DEBUG]   (s) resources = [Resource {targetPath: null, filtering: false, FileSet {directory: /Users/ahellesoy/github/maven-utf8-jdk7-woes/src/main/resources, PatternSet [includes: {}, excludes: {}]}}]
[DEBUG]   (f) session = org.apache.maven.execution.MavenSession@44f37de3
[DEBUG]   (f) useBuildFilters = true
[DEBUG]   (s) useDefaultDelimiters = true
[DEBUG] -- end configuration --
[DEBUG] properties used {java.vendor=Oracle Corporation, sun.java.launcher=SUN_STANDARD, sun.management.compiler=HotSpot 64-Bit Tiered Compilers, env.SECURITYSESSIONID=186a4, env.GEM_HOME=/Users/ahellesoy/.rvm/gems/ruby-1.9.3-p194, os.name=Mac OS X, sun.boot.class.path=/Library/Java/JavaVirtualMachines/1.7.0.jdk/Contents/Home/jre/lib/resources.jar:/Library/Java/JavaVirtualMachines/1.7.0.jdk/Contents/Home/jre/lib/rt.jar:/Library/Java/JavaVirtualMachines/1.7.0.jdk/Contents/Home/jre/lib/sunrsasign.jar:/Library/Java/JavaVirtualMachines/1.7.0.jdk/Contents/Home/jre/lib/jsse.jar:/Library/Java/JavaVirtualMachines/1.7.0.jdk/Contents/Home/jre/lib/jce.jar:/Library/Java/JavaVirtualMachines/1.7.0.jdk/Contents/Home/jre/lib/charsets.jar:/Library/Java/JavaVirtualMachines/1.7.0.jdk/Contents/Home/jre/lib/jfr.jar:/Library/Java/JavaVirtualMachines/1.7.0.jdk/Contents/Home/jre/lib/JObjC.jar:/Library/Java/JavaVirtualMachines/1.7.0.jdk/Contents/Home/jre/classes, env.TMPDIR=/var/folders/fq/grv0p6ks0kv9y5gkt1t_sdl5txz3c2/T/, env.Apple_Ubiquity_Message=/tmp/launch-Kvv5co/Apple_Ubiquity_Message, env.PWD=/Users/ahellesoy/github/maven-utf8-jdk7-woes, env.LANG=en_US.UTF-8, java.vm.specification.vendor=Oracle Corporation, java.runtime.version=1.7.0_06-ea-b08, env.MY_RUBY_HOME=/Users/ahellesoy/.rvm/rubies/ruby-1.9.3-p194, env.Apple_PubSub_Socket_Render=/tmp/launch-2YFO38/Render, project.build.sourceEncoding=UTF-8, env.DISPLAY=/tmp/launch-qCYa5L/org.x:0, env.rvm_version=1.15.5 (latest), user.name=ahellesoy, env.escape_flag=1, env.USER=ahellesoy, env.SHELL=/bin/bash, env.__CF_USER_TEXT_ENCODING=0x75DF8D82:0:0, env.FIG_REMOTE_URL=ftp://devnas/builds/Fig/repos, env.PATH=/Users/ahellesoy/.rvm/gems/ruby-1.9.3-p194/bin:/Users/ahellesoy/.rvm/gems/ruby-1.9.3-p194@global/bin:/Users/ahellesoy/.rvm/rubies/ruby-1.9.3-p194/bin:/Users/ahellesoy/.rvm/bin:/usr/local/share/python:/usr/local/bin:/usr/local/sbin:~/bin:/usr/bin:/bin:/usr/sbin:/sbin:/usr/local/bin:/usr/X11/bin:/usr/local/MacGPG2/bin:/usr/local/munki, user.language=en, env.rvm_prefix=/Users/ahellesoy, sun.boot.library.path=/Library/Java/JavaVirtualMachines/1.7.0.jdk/Contents/Home/jre/lib, classworlds.conf=/usr/share/maven/bin/m2.conf, env.rvm_path=/Users/ahellesoy/.rvm, env.RUBY_VERSION=ruby-1.9.3-p194, java.version=1.7.0_06-ea, user.timezone=Europe/London, env._first=0, sun.arch.data.model=64, http.nonProxyHosts=local|*.local|169.254/16|*.169.254/16, java.endorsed.dirs=/Library/Java/JavaVirtualMachines/1.7.0.jdk/Contents/Home/jre/lib/endorsed, sun.cpu.isalist=, sun.jnu.encoding=UTF-8, env.rvm_bin_path=/Users/ahellesoy/.rvm/bin, file.encoding.pkg=sun.io, env.SHLVL=1, file.separator=/, java.specification.name=Java Platform API Specification, java.class.version=51.0, user.country=US, java.home=/Library/Java/JavaVirtualMachines/1.7.0.jdk/Contents/Home/jre, java.vm.info=mixed mode, env.LOGNAME=ahellesoy, os.version=10.7.4, env.TERM_PROGRAM_VERSION=303.2, path.separator=:, java.vm.version=23.0-b21, env._second=1, env.IRBRC=/Users/ahellesoy/.rvm/rubies/ruby-1.9.3-p194/.irbrc, env.JAVA_HOME=/Library/Java/JavaVirtualMachines/1.7.0.jdk/Contents/Home, java.awt.printerjob=sun.lwawt.macosx.CPrinterJob, env.TERM=xterm-256color, sun.io.unicode.encoding=UnicodeBig, awt.toolkit=sun.lwawt.macosx.LWCToolkit, socksNonProxyHosts=local|*.local|169.254/16|*.169.254/16, ftp.nonProxyHosts=local|*.local|169.254/16|*.169.254/16, env.GEM_PATH=/Users/ahellesoy/.rvm/gems/ruby-1.9.3-p194:/Users/ahellesoy/.rvm/gems/ruby-1.9.3-p194@global, user.home=/Users/ahellesoy, env.OLDPWD=/Users/ahellesoy/github/maven-utf8-jdk7-woes, java.specification.vendor=Oracle Corporation, env.TERM_PROGRAM=Apple_Terminal, java.library.path=/Users/ahellesoy/Library/Java/Extensions:/Library/Java/Extensions:/Network/Library/Java/Extensions:/System/Library/Java/Extensions:/usr/lib/java:., java.vendor.url=http://java.oracle.com/, java.vm.vendor=Oracle Corporation, gopherProxySet=false, maven.home=/usr/share/maven, java.runtime.name=Java(TM) SE Runtime Environment, sun.java.command=org.codehaus.plexus.classworlds.launcher.Launcher -X clean compile, java.class.path=/usr/share/maven/boot/plexus-classworlds-2.4.jar, env.TERM_SESSION_ID=E0ABAF02-C460-4C7D-960A-4CD8669B13AB, java.vm.specification.name=Java Virtual Machine Specification, java.vm.specification.version=1.7, env.JAVA_MAIN_CLASS_48638=org.codehaus.plexus.classworlds.launcher.Launcher, sun.cpu.endian=little, sun.os.patch.level=unknown, env.HOME=/Users/ahellesoy, java.io.tmpdir=/var/folders/fq/grv0p6ks0kv9y5gkt1t_sdl5txz3c2/T/, java.vendor.url.bug=http://bugreport.sun.com/bugreport/, env.SSH_AUTH_SOCK=/tmp/launch-rRyUTp/Listeners, env.COMMAND_MODE=unix2003, os.arch=x86_64, java.awt.graphicsenv=sun.awt.CGraphicsEnvironment, env.__array_start=0, java.ext.dirs=/Users/ahellesoy/Library/Java/Extensions:/Library/Java/JavaVirtualMachines/1.7.0.jdk/Contents/Home/jre/lib/ext:/Library/Java/Extensions:/Network/Library/Java/Extensions:/System/Library/Java/Extensions:/usr/lib/java, user.dir=/Users/ahellesoy/github/maven-utf8-jdk7-woes, line.separator=
, java.vm.name=Java HotSpot(TM) 64-Bit Server VM, file.encoding=UTF-8, java.specification.version=1.7}
[INFO] Using 'UTF-8' encoding to copy filtered resources.
[DEBUG] resource with targetPath null
directory /Users/ahellesoy/github/maven-utf8-jdk7-woes/src/main/resources
excludes []
includes []
[INFO] skip non existing resourceDirectory /Users/ahellesoy/github/maven-utf8-jdk7-woes/src/main/resources
[INFO] 
[INFO] --- maven-compiler-plugin:2.5.1:compile (default-compile) @ maven-utf8-jdk7-woes ---
[DEBUG] org.apache.maven.plugins:maven-compiler-plugin:jar:2.5.1:
[DEBUG]    org.apache.maven:maven-plugin-api:jar:2.0.9:compile
[DEBUG]    org.apache.maven:maven-artifact:jar:2.0.9:compile
[DEBUG]    org.apache.maven:maven-core:jar:2.0.9:compile
[DEBUG]       org.apache.maven:maven-settings:jar:2.0.9:compile
[DEBUG]       org.apache.maven:maven-plugin-parameter-documenter:jar:2.0.9:compile
[DEBUG]       org.apache.maven:maven-profile:jar:2.0.9:compile
[DEBUG]       org.apache.maven:maven-model:jar:2.0.9:compile
[DEBUG]       org.apache.maven:maven-repository-metadata:jar:2.0.9:compile
[DEBUG]       org.apache.maven:maven-error-diagnostics:jar:2.0.9:compile
[DEBUG]       org.apache.maven:maven-project:jar:2.0.9:compile
[DEBUG]          org.apache.maven:maven-plugin-registry:jar:2.0.9:compile
[DEBUG]       org.apache.maven:maven-plugin-descriptor:jar:2.0.9:compile
[DEBUG]       org.apache.maven:maven-artifact-manager:jar:2.0.9:compile
[DEBUG]       org.apache.maven:maven-monitor:jar:2.0.9:compile
[DEBUG]    org.apache.maven:maven-toolchain:jar:1.0:compile
[DEBUG]    org.codehaus.plexus:plexus-utils:jar:3.0:compile
[DEBUG]    org.codehaus.plexus:plexus-compiler-api:jar:1.9.1:compile
[DEBUG]    org.codehaus.plexus:plexus-compiler-manager:jar:1.9.1:compile
[DEBUG]    org.codehaus.plexus:plexus-compiler-javac:jar:1.9.1:runtime
[DEBUG]    org.codehaus.plexus:plexus-container-default:jar:1.0-alpha-9-stable-1:compile
[DEBUG]       junit:junit:jar:3.8.1:compile
[DEBUG]       classworlds:classworlds:jar:1.1-alpha-2:compile
[DEBUG] Created new class realm plugin>org.apache.maven.plugins:maven-compiler-plugin:2.5.1
[DEBUG] Importing foreign packages into class realm plugin>org.apache.maven.plugins:maven-compiler-plugin:2.5.1
[DEBUG]   Imported:  < maven.api
[DEBUG] Populating class realm plugin>org.apache.maven.plugins:maven-compiler-plugin:2.5.1
[DEBUG]   Included: org.apache.maven.plugins:maven-compiler-plugin:jar:2.5.1
[DEBUG]   Included: org.codehaus.plexus:plexus-utils:jar:3.0
[DEBUG]   Included: org.codehaus.plexus:plexus-compiler-api:jar:1.9.1
[DEBUG]   Included: org.codehaus.plexus:plexus-compiler-manager:jar:1.9.1
[DEBUG]   Included: org.codehaus.plexus:plexus-compiler-javac:jar:1.9.1
[DEBUG]   Included: junit:junit:jar:3.8.1
[DEBUG]   Excluded: org.apache.maven:maven-plugin-api:jar:2.0.9
[DEBUG]   Excluded: org.apache.maven:maven-artifact:jar:2.0.9
[DEBUG]   Excluded: org.apache.maven:maven-core:jar:2.0.9
[DEBUG]   Excluded: org.apache.maven:maven-settings:jar:2.0.9
[DEBUG]   Excluded: org.apache.maven:maven-plugin-parameter-documenter:jar:2.0.9
[DEBUG]   Excluded: org.apache.maven:maven-profile:jar:2.0.9
[DEBUG]   Excluded: org.apache.maven:maven-model:jar:2.0.9
[DEBUG]   Excluded: org.apache.maven:maven-repository-metadata:jar:2.0.9
[DEBUG]   Excluded: org.apache.maven:maven-error-diagnostics:jar:2.0.9
[DEBUG]   Excluded: org.apache.maven:maven-project:jar:2.0.9
[DEBUG]   Excluded: org.apache.maven:maven-plugin-registry:jar:2.0.9
[DEBUG]   Excluded: org.apache.maven:maven-plugin-descriptor:jar:2.0.9
[DEBUG]   Excluded: org.apache.maven:maven-artifact-manager:jar:2.0.9
[DEBUG]   Excluded: org.apache.maven:maven-monitor:jar:2.0.9
[DEBUG]   Excluded: org.apache.maven:maven-toolchain:jar:1.0
[DEBUG]   Excluded: org.codehaus.plexus:plexus-container-default:jar:1.0-alpha-9-stable-1
[DEBUG]   Excluded: classworlds:classworlds:jar:1.1-alpha-2
[DEBUG] Configuring mojo org.apache.maven.plugins:maven-compiler-plugin:2.5.1:compile from plugin realm ClassRealm[plugin>org.apache.maven.plugins:maven-compiler-plugin:2.5.1, parent: sun.misc.Launcher$AppClassLoader@42b7141a]
[DEBUG] Configuring mojo 'org.apache.maven.plugins:maven-compiler-plugin:2.5.1:compile' with basic configurator -->
[DEBUG]   (f) basedir = /Users/ahellesoy/github/maven-utf8-jdk7-woes
[DEBUG]   (f) buildDirectory = /Users/ahellesoy/github/maven-utf8-jdk7-woes/target
[DEBUG]   (f) classpathElements = [/Users/ahellesoy/github/maven-utf8-jdk7-woes/target/classes]
[DEBUG]   (f) compileSourceRoots = [/Users/ahellesoy/github/maven-utf8-jdk7-woes/src/main/java]
[DEBUG]   (f) compilerId = javac
[DEBUG]   (f) debug = true
[DEBUG]   (f) encoding = UTF-8
[DEBUG]   (f) failOnError = true
[DEBUG]   (f) fork = false
[DEBUG]   (f) generatedSourcesDirectory = /Users/ahellesoy/github/maven-utf8-jdk7-woes/target/generated-sources/annotations
[DEBUG]   (f) optimize = false
[DEBUG]   (f) outputDirectory = /Users/ahellesoy/github/maven-utf8-jdk7-woes/target/classes
[DEBUG]   (f) outputFileName = maven-utf8-jdk7-woes-1.0.0
[DEBUG]   (f) projectArtifact = com.aslakhellesoy:maven-utf8-jdk7-woes:jar:1.0.0
[DEBUG]   (f) session = org.apache.maven.execution.MavenSession@44f37de3
[DEBUG]   (f) showDeprecation = false
[DEBUG]   (f) showWarnings = false
[DEBUG]   (f) source = 1.6
[DEBUG]   (f) staleMillis = 0
[DEBUG]   (f) target = 1.6
[DEBUG]   (f) verbose = false
[DEBUG] -- end configuration --
[DEBUG] Using compiler 'javac'.
[DEBUG] Source directories: [/Users/ahellesoy/github/maven-utf8-jdk7-woes/src/main/java]
[DEBUG] Classpath: [/Users/ahellesoy/github/maven-utf8-jdk7-woes/target/classes]
[DEBUG] Output directory: /Users/ahellesoy/github/maven-utf8-jdk7-woes/target/classes
[DEBUG] CompilerReuseStrategy: reuseCreated
[DEBUG] Classpath:
[DEBUG]  /Users/ahellesoy/github/maven-utf8-jdk7-woes/target/classes
[DEBUG] Source roots:
[DEBUG]  /Users/ahellesoy/github/maven-utf8-jdk7-woes/src/main/java
[DEBUG] Command line options:
[DEBUG] -d /Users/ahellesoy/github/maven-utf8-jdk7-woes/target/classes -classpath /Users/ahellesoy/github/maven-utf8-jdk7-woes/target/classes: -sourcepath /Users/ahellesoy/github/maven-utf8-jdk7-woes/src/main/java: /Users/ahellesoy/github/maven-utf8-jdk7-woes/src/main/java/com/aslakhellesoy/Æøå.java -s /Users/ahellesoy/github/maven-utf8-jdk7-woes/target/generated-sources/annotations -g -nowarn -target 1.6 -source 1.6 -encoding UTF-8
[INFO] Compiling 1 source file to /Users/ahellesoy/github/maven-utf8-jdk7-woes/target/classes
[INFO] -------------------------------------------------------------
[ERROR] COMPILATION ERROR : 
[INFO] -------------------------------------------------------------
[ERROR] /Users/ahellesoy/github/maven-utf8-jdk7-woes/src/main/java/com/aslakhellesoy/Æøå.java:[3,7] error: class Æøå is public, should be declared in a file named Æøå.java
[INFO] 1 error
[INFO] -------------------------------------------------------------
[INFO] ------------------------------------------------------------------------
[INFO] BUILD FAILURE
[INFO] ------------------------------------------------------------------------
[INFO] Total time: 1.638s
[INFO] Finished at: Thu Oct 04 19:24:50 BST 2012
[INFO] Final Memory: 10M/139M
[INFO] ------------------------------------------------------------------------
[ERROR] Failed to execute goal org.apache.maven.plugins:maven-compiler-plugin:2.5.1:compile (default-compile) on project maven-utf8-jdk7-woes: Compilation failure
[ERROR] /Users/ahellesoy/github/maven-utf8-jdk7-woes/src/main/java/com/aslakhellesoy/Æøå.java:[3,7] error: class Æøå is public, should be declared in a file named Æøå.java
[ERROR] -> [Help 1]
org.apache.maven.lifecycle.LifecycleExecutionException: Failed to execute goal org.apache.maven.plugins:maven-compiler-plugin:2.5.1:compile (default-compile) on project maven-utf8-jdk7-woes: Compilation failure
/Users/ahellesoy/github/maven-utf8-jdk7-woes/src/main/java/com/aslakhellesoy/Æøå.java:[3,7] error: class Æøå is public, should be declared in a file named Æøå.java

	at org.apache.maven.lifecycle.internal.MojoExecutor.execute(MojoExecutor.java:213)
	at org.apache.maven.lifecycle.internal.MojoExecutor.execute(MojoExecutor.java:153)
	at org.apache.maven.lifecycle.internal.MojoExecutor.execute(MojoExecutor.java:145)
	at org.apache.maven.lifecycle.internal.LifecycleModuleBuilder.buildProject(LifecycleModuleBuilder.java:84)
	at org.apache.maven.lifecycle.internal.LifecycleModuleBuilder.buildProject(LifecycleModuleBuilder.java:59)
	at org.apache.maven.lifecycle.internal.LifecycleStarter.singleThreadedBuild(LifecycleStarter.java:183)
	at org.apache.maven.lifecycle.internal.LifecycleStarter.execute(LifecycleStarter.java:161)
	at org.apache.maven.DefaultMaven.doExecute(DefaultMaven.java:319)
	at org.apache.maven.DefaultMaven.execute(DefaultMaven.java:156)
	at org.apache.maven.cli.MavenCli.execute(MavenCli.java:537)
	at org.apache.maven.cli.MavenCli.doMain(MavenCli.java:196)
	at org.apache.maven.cli.MavenCli.main(MavenCli.java:141)
	at sun.reflect.NativeMethodAccessorImpl.invoke0(Native Method)
	at sun.reflect.NativeMethodAccessorImpl.invoke(NativeMethodAccessorImpl.java:57)
	at sun.reflect.DelegatingMethodAccessorImpl.invoke(DelegatingMethodAccessorImpl.java:43)
	at java.lang.reflect.Method.invoke(Method.java:601)
	at org.codehaus.plexus.classworlds.launcher.Launcher.launchEnhanced(Launcher.java:290)
	at org.codehaus.plexus.classworlds.launcher.Launcher.launch(Launcher.java:230)
	at org.codehaus.plexus.classworlds.launcher.Launcher.mainWithExitCode(Launcher.java:409)
	at org.codehaus.plexus.classworlds.launcher.Launcher.main(Launcher.java:352)
Caused by: org.apache.maven.plugin.CompilationFailureException: Compilation failure
/Users/ahellesoy/github/maven-utf8-jdk7-woes/src/main/java/com/aslakhellesoy/Æøå.java:[3,7] error: class Æøå is public, should be declared in a file named Æøå.java

	at org.apache.maven.plugin.AbstractCompilerMojo.execute(AbstractCompilerMojo.java:729)
	at org.apache.maven.plugin.CompilerMojo.execute(CompilerMojo.java:128)
	at org.apache.maven.plugin.DefaultBuildPluginManager.executeMojo(DefaultBuildPluginManager.java:101)
	at org.apache.maven.lifecycle.internal.MojoExecutor.execute(MojoExecutor.java:209)
	... 19 more
[ERROR] 
[ERROR] 
[ERROR] For more information about the errors and possible solutions, please read the following articles:
[ERROR] [Help 1] http://cwiki.apache.org/confluence/display/MAVEN/MojoFailureException
